<?xml version="1.0" encoding="UTF-8"?>
<testsuite name="com.csye6225.demo.DemoApplicationTests" tests="1" skipped="1" failures="0" errors="0" timestamp="2017-10-08T21:08:57" hostname="jyoti-VirtualBox" time="0.002">
  <properties/>
  <testcase name="contextLoads" classname="com.csye6225.demo.DemoApplicationTests" time="0.002">
    <skipped/>
  </testcase>
  <system-out><![CDATA[17:08:56.934 [Test worker] DEBUG org.springframework.test.context.junit4.SpringJUnit4ClassRunner - SpringJUnit4ClassRunner constructor called with [class com.csye6225.demo.DemoApplicationTests]
17:08:56.968 [Test worker] DEBUG org.springframework.test.context.BootstrapUtils - Instantiating CacheAwareContextLoaderDelegate from class [org.springframework.test.context.cache.DefaultCacheAwareContextLoaderDelegate]
17:08:57.017 [Test worker] DEBUG org.springframework.test.context.BootstrapUtils - Instantiating BootstrapContext using constructor [public org.springframework.test.context.support.DefaultBootstrapContext(java.lang.Class,org.springframework.test.context.CacheAwareContextLoaderDelegate)]
17:08:57.103 [Test worker] DEBUG org.springframework.test.context.BootstrapUtils - Instantiating TestContextBootstrapper for test class [com.csye6225.demo.DemoApplicationTests] from class [org.springframework.boot.test.context.SpringBootTestContextBootstrapper]
17:08:57.210 [Test worker] INFO org.springframework.boot.test.context.SpringBootTestContextBootstrapper - Neither @ContextConfiguration nor @ContextHierarchy found for test class [com.csye6225.demo.DemoApplicationTests], using SpringBootContextLoader
17:08:57.226 [Test worker] DEBUG org.springframework.test.context.support.AbstractContextLoader - Did not detect default resource location for test class [com.csye6225.demo.DemoApplicationTests]: class path resource [com/csye6225/demo/DemoApplicationTests-context.xml] does not exist
17:08:57.227 [Test worker] DEBUG org.springframework.test.context.support.AbstractContextLoader - Did not detect default resource location for test class [com.csye6225.demo.DemoApplicationTests]: class path resource [com/csye6225/demo/DemoApplicationTestsContext.groovy] does not exist
17:08:57.228 [Test worker] INFO org.springframework.test.context.support.AbstractContextLoader - Could not detect default resource locations for test class [com.csye6225.demo.DemoApplicationTests]: no resource found for suffixes {-context.xml, Context.groovy}.
17:08:57.235 [Test worker] INFO org.springframework.test.context.support.AnnotationConfigContextLoaderUtils - Could not detect default configuration classes for test class [com.csye6225.demo.DemoApplicationTests]: DemoApplicationTests does not declare any static, non-private, non-final, nested classes annotated with @Configuration.
17:08:57.487 [Test worker] DEBUG org.springframework.test.context.support.ActiveProfilesUtils - Could not find an 'annotation declaring class' for annotation type [org.springframework.test.context.ActiveProfiles] and class [com.csye6225.demo.DemoApplicationTests]
17:08:57.533 [Test worker] DEBUG org.springframework.core.env.StandardEnvironment - Adding [systemProperties] PropertySource with lowest search precedence
17:08:57.536 [Test worker] DEBUG org.springframework.core.env.StandardEnvironment - Adding [systemEnvironment] PropertySource with lowest search precedence
17:08:57.538 [Test worker] DEBUG org.springframework.core.env.StandardEnvironment - Initialized StandardEnvironment with PropertySources [systemProperties,systemEnvironment]
17:08:57.573 [Test worker] DEBUG org.springframework.core.io.support.PathMatchingResourcePatternResolver - Resolved classpath location [com/csye6225/demo/] to resources [URL [file:/home/jyoti/Downloads/assgn3/version5/csye6225-fall2017-master/build/classes/test/com/csye6225/demo/], URL [file:/home/jyoti/Downloads/assgn3/version5/csye6225-fall2017-master/build/classes/main/com/csye6225/demo/]]
17:08:57.577 [Test worker] DEBUG org.springframework.core.io.support.PathMatchingResourcePatternResolver - Looking for matching resources in directory tree [/home/jyoti/Downloads/assgn3/version5/csye6225-fall2017-master/build/classes/test/com/csye6225/demo]
17:08:57.578 [Test worker] DEBUG org.springframework.core.io.support.PathMatchingResourcePatternResolver - Searching directory [/home/jyoti/Downloads/assgn3/version5/csye6225-fall2017-master/build/classes/test/com/csye6225/demo] for files matching pattern [/home/jyoti/Downloads/assgn3/version5/csye6225-fall2017-master/build/classes/test/com/csye6225/demo/*.class]
17:08:57.587 [Test worker] DEBUG org.springframework.core.io.support.PathMatchingResourcePatternResolver - Looking for matching resources in directory tree [/home/jyoti/Downloads/assgn3/version5/csye6225-fall2017-master/build/classes/main/com/csye6225/demo]
17:08:57.588 [Test worker] DEBUG org.springframework.core.io.support.PathMatchingResourcePatternResolver - Searching directory [/home/jyoti/Downloads/assgn3/version5/csye6225-fall2017-master/build/classes/main/com/csye6225/demo] for files matching pattern [/home/jyoti/Downloads/assgn3/version5/csye6225-fall2017-master/build/classes/main/com/csye6225/demo/*.class]
17:08:57.600 [Test worker] DEBUG org.springframework.core.io.support.PathMatchingResourcePatternResolver - Resolved location pattern [classpath*:com/csye6225/demo/*.class] to resources [file [/home/jyoti/Downloads/assgn3/version5/csye6225-fall2017-master/build/classes/test/com/csye6225/demo/DemoApplicationTests.class], file [/home/jyoti/Downloads/assgn3/version5/csye6225-fall2017-master/build/classes/test/com/csye6225/demo/RestAssuredDemoApiTest.class], file [/home/jyoti/Downloads/assgn3/version5/csye6225-fall2017-master/build/classes/main/com/csye6225/demo/DemoApplication.class], file [/home/jyoti/Downloads/assgn3/version5/csye6225-fall2017-master/build/classes/main/com/csye6225/demo/Helper.class], file [/home/jyoti/Downloads/assgn3/version5/csye6225-fall2017-master/build/classes/main/com/csye6225/demo/ServletInitializer.class], file [/home/jyoti/Downloads/assgn3/version5/csye6225-fall2017-master/build/classes/main/com/csye6225/demo/Task.class], file [/home/jyoti/Downloads/assgn3/version5/csye6225-fall2017-master/build/classes/main/com/csye6225/demo/User.class], file [/home/jyoti/Downloads/assgn3/version5/csye6225-fall2017-master/build/classes/main/com/csye6225/demo/UserRepository.class], file [/home/jyoti/Downloads/assgn3/version5/csye6225-fall2017-master/build/classes/main/com/csye6225/demo/User_Roles.class]]
17:08:57.709 [Test worker] DEBUG org.springframework.context.annotation.ClassPathScanningCandidateComponentProvider - Identified candidate component class: file [/home/jyoti/Downloads/assgn3/version5/csye6225-fall2017-master/build/classes/main/com/csye6225/demo/DemoApplication.class]
17:08:57.723 [Test worker] INFO org.springframework.boot.test.context.SpringBootTestContextBootstrapper - Found @SpringBootConfiguration com.csye6225.demo.DemoApplication for test class com.csye6225.demo.DemoApplicationTests
17:08:57.736 [Test worker] DEBUG org.springframework.boot.test.context.SpringBootTestContextBootstrapper - @TestExecutionListeners is not present for class [com.csye6225.demo.DemoApplicationTests]: using defaults.
17:08:57.746 [Test worker] INFO org.springframework.boot.test.context.SpringBootTestContextBootstrapper - Loaded default TestExecutionListener class names from location [META-INF/spring.factories]: [org.springframework.security.test.context.support.WithSecurityContextTestExecutionListener, org.springframework.boot.test.mock.mockito.MockitoTestExecutionListener, org.springframework.boot.test.mock.mockito.ResetMocksTestExecutionListener, org.springframework.boot.test.autoconfigure.restdocs.RestDocsTestExecutionListener, org.springframework.boot.test.autoconfigure.web.client.MockRestServiceServerResetTestExecutionListener, org.springframework.boot.test.autoconfigure.web.servlet.MockMvcPrintOnlyOnFailureTestExecutionListener, org.springframework.boot.test.autoconfigure.web.servlet.WebDriverTestExecutionListener, org.springframework.test.context.web.ServletTestExecutionListener, org.springframework.test.context.support.DirtiesContextBeforeModesTestExecutionListener, org.springframework.test.context.support.DependencyInjectionTestExecutionListener, org.springframework.test.context.support.DirtiesContextTestExecutionListener, org.springframework.test.context.transaction.TransactionalTestExecutionListener, org.springframework.test.context.jdbc.SqlScriptsTestExecutionListener]
17:08:57.838 [Test worker] INFO org.springframework.boot.test.context.SpringBootTestContextBootstrapper - Using TestExecutionListeners: [org.springframework.test.context.web.ServletTestExecutionListener@3979d4fc, org.springframework.test.context.support.DirtiesContextBeforeModesTestExecutionListener@62131cf6, org.springframework.boot.test.autoconfigure.SpringBootDependencyInjectionTestExecutionListener@2afb83d6, org.springframework.test.context.support.DirtiesContextTestExecutionListener@547efa27, org.springframework.test.context.transaction.TransactionalTestExecutionListener@23571a60, org.springframework.test.context.jdbc.SqlScriptsTestExecutionListener@59d95650, org.springframework.security.test.context.support.WithSecurityContextTestExecutionListener@2fca9b8e, org.springframework.boot.test.autoconfigure.web.client.MockRestServiceServerResetTestExecutionListener@cc6f392, org.springframework.boot.test.autoconfigure.web.servlet.MockMvcPrintOnlyOnFailureTestExecutionListener@17597c70, org.springframework.boot.test.autoconfigure.restdocs.RestDocsTestExecutionListener@421d31d, org.springframework.boot.test.mock.mockito.ResetMocksTestExecutionListener@7f4c3efc, org.springframework.boot.test.autoconfigure.web.servlet.WebDriverTestExecutionListener@44ad18e4, org.springframework.boot.test.mock.mockito.MockitoTestExecutionListener@184b56fd]
17:08:57.843 [Test worker] DEBUG org.springframework.test.annotation.ProfileValueUtils - Retrieved @ProfileValueSourceConfiguration [null] for test class [com.csye6225.demo.DemoApplicationTests]
17:08:57.844 [Test worker] DEBUG org.springframework.test.annotation.ProfileValueUtils - Retrieved ProfileValueSource type [class org.springframework.test.annotation.SystemProfileValueSource] for class [com.csye6225.demo.DemoApplicationTests]
17:08:57.845 [Test worker] DEBUG org.springframework.test.annotation.ProfileValueUtils - Retrieved @ProfileValueSourceConfiguration [null] for test class [com.csye6225.demo.DemoApplicationTests]
17:08:57.846 [Test worker] DEBUG org.springframework.test.annotation.ProfileValueUtils - Retrieved ProfileValueSource type [class org.springframework.test.annotation.SystemProfileValueSource] for class [com.csye6225.demo.DemoApplicationTests]
]]></system-out>
  <system-err><![CDATA[]]></system-err>
</testsuite>
